This is pdfTeX, Version 3.14159265-2.6-1.40.21 (MiKTeX 20.7) (preloaded format=pdflatex 2020.10.20)  20 OCT 2020 21:23
entering extended mode
**"c:/Users/teto_/Documents/FACULTAD_2020/Proyecto final/proyecto-final/Latex/ProyectoFinal.tex"
("c:/Users/teto_/Documents/FACULTAD_2020/Proyecto final/proyecto-final/Latex/ProyectoFinal.tex"
LaTeX2e <2020-10-01>
L3 programming layer <2020-09-24> xparse <2020-03-03> (C:\Users\teto_\AppData\Local\Programs\MiKTeX\tex/latex/base\report.cls
Document Class: report 2020/04/10 v1.4m Standard LaTeX document class
(C:\Users\teto_\AppData\Local\Programs\MiKTeX\tex/latex/base\size12.clo
File: size12.clo 2020/04/10 v1.4m Standard LaTeX file (size option)
)
\c@part=\count175
\c@chapter=\count176
\c@section=\count177
\c@subsection=\count178
\c@subsubsection=\count179
\c@paragraph=\count180
\c@subparagraph=\count181
\c@figure=\count182
\c@table=\count183
\abovecaptionskip=\skip47
\belowcaptionskip=\skip48
\bibindent=\dimen138
) (C:\Users\teto_\AppData\Local\Programs\MiKTeX\tex/latex/fancyhdr\fancyhdr.sty
Package: fancyhdr 2019/01/31 v3.10 Extensive control of page headers and footers
\f@nch@headwidth=\skip49
\f@nch@O@elh=\skip50
\f@nch@O@erh=\skip51
\f@nch@O@olh=\skip52
\f@nch@O@orh=\skip53
\f@nch@O@elf=\skip54
\f@nch@O@erf=\skip55
\f@nch@O@olf=\skip56
\f@nch@O@orf=\skip57
) (C:\Users\teto_\AppData\Local\Programs\MiKTeX\tex/latex/graphics\graphicx.sty
Package: graphicx 2020/09/09 v1.2b Enhanced LaTeX Graphics (DPC,SPQR)
 (C:\Users\teto_\AppData\Local\Programs\MiKTeX\tex/latex/graphics\keyval.sty
Package: keyval 2014/10/28 v1.15 key=value parser (DPC)
\KV@toks@=\toks15
) (C:\Users\teto_\AppData\Local\Programs\MiKTeX\tex/latex/graphics\graphics.sty
Package: graphics 2020/08/30 v1.4c Standard LaTeX Graphics (DPC,SPQR)
 (C:\Users\teto_\AppData\Local\Programs\MiKTeX\tex/latex/graphics\trig.sty
Package: trig 2016/01/03 v1.10 sin cos tan (DPC)
) (C:\Users\teto_\AppData\Local\Programs\MiKTeX\tex/latex/graphics-cfg\graphics.cfg
File: graphics.cfg 2016/06/04 v1.11 sample graphics configuration
)
Package graphics Info: Driver file: pdftex.def on input line 105.
 (C:\Users\teto_\AppData\Local\Programs\MiKTeX\tex/latex/graphics-def\pdftex.def
File: pdftex.def 2020/08/26 v1.2 Graphics/color driver for pdftex
))
\Gin@req@height=\dimen139
\Gin@req@width=\dimen140
) (C:\Users\teto_\AppData\Local\Programs\MiKTeX\tex/generic/babel\babel.sty
Package: babel 2020/10/03 3.49 The Babel package
 (C:\Users\teto_\AppData\Local\Programs\MiKTeX\tex/generic/babel\babel.def
File: babel.def 2020/10/03 3.49 Babel common definitions
\babel@savecnt=\count184
\U@D=\dimen141
\l@babelnohyphens=\language79
 (C:\Users\teto_\AppData\Local\Programs\MiKTeX\tex/generic/babel\txtbabel.def)
\bbl@readstream=\read2
)
\bbl@dirlevel=\count185

*************************************
* Local config file bblopts.cfg used
*
(C:\Users\teto_\AppData\Local\Programs\MiKTeX\tex/latex/arabi\bblopts.cfg
File: bblopts.cfg 2005/09/08 v0.1 add Arabic and Farsi to "declared" options of babel
) (C:\Users\teto_\AppData\Local\Programs\MiKTeX\tex/latex/babel-spanish\spanish.ldf
Language: spanish.ldf 2016/03/03 v5.0p Spanish support from the babel system
\es@quottoks=\toks16
\es@quotdepth=\count186
Package babel Info: Making " an active character on input line 561.
Package babel Info: Making . an active character on input line 662.
Package babel Info: Making < an active character on input line 707.
Package babel Info: Making > an active character on input line 707.
)) (C:\Users\teto_\AppData\Local\Programs\MiKTeX\tex/latex/base\inputenc.sty
Package: inputenc 2020/08/01 v1.3d Input encoding file
\inpenc@prehook=\toks17
\inpenc@posthook=\toks18
) (C:\Users\teto_\AppData\Local\Programs\MiKTeX\tex/latex/subfigure\subfigure.sty
Package: subfigure 2002/07/30 v2.1.4 subfigure package
\subfigtopskip=\skip58
\subfigcapskip=\skip59
\subfigcaptopadj=\dimen142
\subfigbottomskip=\skip60
\subfigcapmargin=\dimen143
\subfiglabelskip=\skip61
\c@subfigure=\count187
\c@lofdepth=\count188
\c@subtable=\count189
\c@lotdepth=\count190

****************************************
* Local config file subfigure.cfg used *
****************************************
(C:\Users\teto_\AppData\Local\Programs\MiKTeX\tex/latex/subfigure\subfigure.cfg)
\subfig@top=\skip62
\subfig@bottom=\skip63
) (C:\Users\teto_\AppData\Local\Programs\MiKTeX\tex/latex/l3backend\l3backend-pdftex.def
File: l3backend-pdftex.def 2020-09-24 L3 backend support: PDF output (pdfTeX)
\l__kernel_color_stack_int=\count191
\l__pdf_internal_box=\box47
) ("c:/Users\teto_\Documents\FACULTAD_2020\Proyecto final\proyecto-final\Latex\build\ProyectoFinal.aux"
LaTeX Info: Redefining \. on input line 8.
LaTeX Info: Redefining \% on input line 8.
)
\openout1 = `ProyectoFinal.aux'.

LaTeX Font Info:    Checking defaults for OML/cmm/m/it on input line 25.
LaTeX Font Info:    ... okay on input line 25.
LaTeX Font Info:    Checking defaults for OMS/cmsy/m/n on input line 25.
LaTeX Font Info:    ... okay on input line 25.
LaTeX Font Info:    Checking defaults for OT1/cmr/m/n on input line 25.
LaTeX Font Info:    ... okay on input line 25.
LaTeX Font Info:    Checking defaults for T1/cmr/m/n on input line 25.
LaTeX Font Info:    ... okay on input line 25.
LaTeX Font Info:    Checking defaults for TS1/cmr/m/n on input line 25.
LaTeX Font Info:    ... okay on input line 25.
LaTeX Font Info:    Checking defaults for OMX/cmex/m/n on input line 25.
LaTeX Font Info:    ... okay on input line 25.
LaTeX Font Info:    Checking defaults for U/cmr/m/n on input line 25.
LaTeX Font Info:    ... okay on input line 25.
 (C:\Users\teto_\AppData\Local\Programs\MiKTeX\tex/context/base/mkii\supp-pdf.mkii
[Loading MPS to PDF converter (version 2006.09.02).]
\scratchcounter=\count192
\scratchdimen=\dimen144
\scratchbox=\box48
\nofMPsegments=\count193
\nofMParguments=\count194
\everyMPshowfont=\toks19
\MPscratchCnt=\count195
\MPscratchDim=\dimen145
\MPnumerator=\count196
\makeMPintoPDFobject=\count197
\everyMPtoPDFconversion=\toks20
) (C:\Users\teto_\AppData\Local\Programs\MiKTeX\tex/latex/epstopdf-pkg\epstopdf-base.sty
Package: epstopdf-base 2020-01-24 v2.11 Base part for package epstopdf
Package epstopdf-base Info: Redefining graphics rule for `.eps' on input line 485.
)
LaTeX Info: Redefining \. on input line 25.
LaTeX Info: Redefining \% on input line 25.
<LogoUTN.png, id=1, 301.125pt x 301.125pt>
File: LogoUTN.png Graphic file (type png)
<use LogoUTN.png>
Package pdftex.def Info: LogoUTN.png  used on input line 33.
(pdftex.def)             Requested size: 227.62204pt x 227.63055pt.
 [1

{C:/Users/teto_/AppData/Local/MiKTeX/pdftex/config/pdftex.map} <./LogoUTN.png (PNG copy)>] [1

] [2

] ("c:/Users\teto_\Documents\FACULTAD_2020\Proyecto final\proyecto-final\Latex\build\ProyectoFinal.toc"
LaTeX Info: Redefining \. on input line 1.
LaTeX Info: Redefining \% on input line 1.
LaTeX Font Info:    External font `cmex10' loaded for size
(Font)              <12> on input line 2.
LaTeX Font Info:    External font `cmex10' loaded for size
(Font)              <8> on input line 2.
LaTeX Font Info:    External font `cmex10' loaded for size
(Font)              <6> on input line 2.
)
\tf@toc=\write3
\openout3 = `ProyectoFinal.toc'.

 [3

] ("c:/Users\teto_\Documents\FACULTAD_2020\Proyecto final\proyecto-final\Latex\build\ProyectoFinal.lof"
LaTeX Info: Redefining \. on input line 1.
LaTeX Info: Redefining \% on input line 1.
)
\tf@lof=\write4
\openout4 = `ProyectoFinal.lof'.

 [4


] ("c:/Users\teto_\Documents\FACULTAD_2020\Proyecto final\proyecto-final\Latex\build\ProyectoFinal.lot"
LaTeX Info: Redefining \. on input line 1.
LaTeX Info: Redefining \% on input line 1.
)
\tf@lot=\write5
\openout5 = `ProyectoFinal.lot'.

 [1


]
Cap\'{\i }tulo 1.
[2

]
Underfull \hbox (badness 10000) in paragraph at lines 130--134

 []

File: LogoUTN.png Graphic file (type png)
<use LogoUTN.png>
Package pdftex.def Info: LogoUTN.png  used on input line 141.
(pdftex.def)             Requested size: 28.45274pt x 28.45094pt.
[3]
Underfull \hbox (badness 10000) in paragraph at lines 166--174

 []

File: LogoUTN.png Graphic file (type png)
<use LogoUTN.png>
Package pdftex.def Info: LogoUTN.png  used on input line 174.
(pdftex.def)             Requested size: 28.45274pt x 28.45094pt.
[4]
<sdr.png, id=34, 408.77719pt x 383.18156pt>
File: sdr.png Graphic file (type png)
<use sdr.png>
Package pdftex.def Info: sdr.png  used on input line 177.
(pdftex.def)             Requested size: 163.50797pt x 153.2699pt.
File: LogoUTN.png Graphic file (type png)
<use LogoUTN.png>
Package pdftex.def Info: LogoUTN.png  used on input line 188.
(pdftex.def)             Requested size: 28.45274pt x 28.45094pt.
 [5 <./sdr.png>]
<llaves.png, id=40, 651.18282pt x 557.08125pt>
File: llaves.png Graphic file (type png)
<use llaves.png>
Package pdftex.def Info: llaves.png  used on input line 191.
(pdftex.def)             Requested size: 260.4685pt x 222.82855pt.
File: LogoUTN.png Graphic file (type png)
<use LogoUTN.png>
Package pdftex.def Info: LogoUTN.png  used on input line 208.
(pdftex.def)             Requested size: 28.45274pt x 28.45094pt.
 [6 <./llaves.png>] ("c:/Users\teto_\Documents\FACULTAD_2020\Proyecto final\proyecto-final\Latex\build\ProyectoFinal.aux"
LaTeX Info: Redefining \. on input line 8.
LaTeX Info: Redefining \% on input line 8.
) ) 
Here is how much of TeX's memory you used:
 2704 strings out of 480236
 40457 string characters out of 2880558
 329979 words of memory out of 3000000
 19253 multiletter control sequences out of 15000+200000
 540295 words of font info for 46 fonts, out of 3000000 for 9000
 1141 hyphenation exceptions out of 8191
 60i,14n,66p,294b,361s stack positions out of 5000i,500n,10000p,200000b,50000s
<C:/Users/teto_/AppData/Local/Programs/MiKTeX/fonts/type1/public/amsfonts/cm/cmbx12.pfb><C:/Users/teto_/AppData/Local/Programs/MiKTeX/fonts/type1/public/amsfonts/cm/cmr12.pfb><C:/Users/teto_/AppData/Local/Programs/MiKTeX/fonts/type1/public/amsfonts/cm/cmti12.pfb>
Output written on "c:/Users\teto_\Documents\FACULTAD_2020\Proyecto final\proyecto-final\Latex\build\ProyectoFinal.pdf" (11 pages, 310798 bytes).
PDF statistics:
 56 PDF objects out of 1000 (max. 8388607)
 0 named destinations out of 1000 (max. 500000)
 16 words of extra memory for PDF output out of 10000 (max. 10000000)

